
[2026-04-26T05:26:00.717Z] Attempting to send to: testbrand2029@example.com | Subject: Verify your Influverse account
[2026-04-26T05:26:00.943Z] Attempting to send to: team@influverse.ch | Subject: [Admin] New Brand joined Influverse — testco644
[2026-04-26T05:26:00.946Z] Attempting to send to: etsy5963@gmail.com | Subject: [Admin] New Brand joined Influverse — testco644
[2026-04-26T05:26:01.591Z] Attempting to send to: testbrand2029@example.com | Subject: Welcome to Influverse for Brands!
[2026-04-26T05:26:03.813Z] CRITICAL ERROR sending to testbrand2029@example.com: Can't send mail - all recipients were rejected: 451-Unroutable recipient address: testbrand2029@example.com - Could not find
451-any mailserver for recipient domain example.com. Retry again later or
451 contact https://support.hostpoint.ch for further assistance. 
 Error: Can't send mail - all recipients were rejected: 451-Unroutable recipient address: testbrand2029@example.com - Could not find
451-any mailserver for recipient domain example.com. Retry again later or
451 contact https://support.hostpoint.ch for further assistance.
    at SMTPConnection._formatError (C:\Users\Tanveer\Desktop\INFLUVERSE\api-service\node_modules\nodemailer\lib\smtp-connection\index.js:814:19)
    at SMTPConnection._actionRCPT (C:\Users\Tanveer\Desktop\INFLUVERSE\api-service\node_modules\nodemailer\lib\smtp-connection\index.js:1712:28)
    at SMTPConnection.<anonymous> (C:\Users\Tanveer\Desktop\INFLUVERSE\api-service\node_modules\nodemailer\lib\smtp-connection\index.js:1665:30)
    at SMTPConnection._processResponse (C:\Users\Tanveer\Desktop\INFLUVERSE\api-service\node_modules\nodemailer\lib\smtp-connection\index.js:998:20)
    at SMTPConnection._onData (C:\Users\Tanveer\Desktop\INFLUVERSE\api-service\node_modules\nodemailer\lib\smtp-connection\index.js:774:14)
    at TLSSocket.SMTPConnection._onSocketData (C:\Users\Tanveer\Desktop\INFLUVERSE\api-service\node_modules\nodemailer\lib\smtp-connection\index.js:195:44)
    at TLSSocket.emit (node:events:508:28)
    at TLSSocket.emit (node:domain:489:12)
    at addChunk (node:internal/streams/readable:559:12)
    at readableAddChunkPushByteMode (node:internal/streams/readable:510:3)
[2026-04-26T05:26:04.041Z] CRITICAL ERROR sending to testbrand2029@example.com: Can't send mail - all recipients were rejected: 451-Unroutable recipient address: testbrand2029@example.com - Could not find
451-any mailserver for recipient domain example.com. Retry again later or
451 contact https://support.hostpoint.ch for further assistance. 
 Error: Can't send mail - all recipients were rejected: 451-Unroutable recipient address: testbrand2029@example.com - Could not find
451-any mailserver for recipient domain example.com. Retry again later or
451 contact https://support.hostpoint.ch for further assistance.
    at SMTPConnection._formatError (C:\Users\Tanveer\Desktop\INFLUVERSE\api-service\node_modules\nodemailer\lib\smtp-connection\index.js:814:19)
    at SMTPConnection._actionRCPT (C:\Users\Tanveer\Desktop\INFLUVERSE\api-service\node_modules\nodemailer\lib\smtp-connection\index.js:1712:28)
    at SMTPConnection.<anonymous> (C:\Users\Tanveer\Desktop\INFLUVERSE\api-service\node_modules\nodemailer\lib\smtp-connection\index.js:1665:30)
    at SMTPConnection._processResponse (C:\Users\Tanveer\Desktop\INFLUVERSE\api-service\node_modules\nodemailer\lib\smtp-connection\index.js:998:20)
    at SMTPConnection._onData (C:\Users\Tanveer\Desktop\INFLUVERSE\api-service\node_modules\nodemailer\lib\smtp-connection\index.js:774:14)
    at TLSSocket.SMTPConnection._onSocketData (C:\Users\Tanveer\Desktop\INFLUVERSE\api-service\node_modules\nodemailer\lib\smtp-connection\index.js:195:44)
    at TLSSocket.emit (node:events:508:28)
    at TLSSocket.emit (node:domain:489:12)
    at addChunk (node:internal/streams/readable:559:12)
    at readableAddChunkPushByteMode (node:internal/streams/readable:510:3)
[2026-04-26T05:26:04.292Z] SUCCESS! Message ID: <06fe0096-7b80-1019-4660-360122170599@influverse.ch> | Target: etsy5963@gmail.com
[2026-04-26T05:26:04.370Z] SUCCESS! Message ID: <e5010e29-e03f-6655-b02b-b37ceb8cb27f@influverse.ch> | Target: team@influverse.ch
[2026-04-26T05:36:44.733Z] Attempting to send to: seebizhrshahildali@gmail.com | Subject: Verifiziere dein Influverse Konto
[2026-04-26T05:36:44.897Z] Attempting to send to: team@influverse.ch | Subject: [Admin] New Brand joined Influverse — beauty564
[2026-04-26T05:36:44.900Z] Attempting to send to: etsy5963@gmail.com | Subject: [Admin] New Brand joined Influverse — beauty564
[2026-04-26T05:36:48.662Z] SUCCESS! Message ID: <ecc117a5-0023-0a8a-a1d9-f17df1c26930@influverse.ch> | Target: etsy5963@gmail.com
[2026-04-26T05:36:48.832Z] SUCCESS! Message ID: <3516ba54-aa6e-6ff7-d236-4991eb346893@influverse.ch> | Target: team@influverse.ch
[2026-04-26T05:36:48.857Z] SUCCESS! Message ID: <a6fe1fb7-0de7-e7ec-5404-f5d6191b7d87@influverse.ch> | Target: seebizhrshahildali@gmail.com
[2026-04-26T05:37:30.707Z] Attempting to send to: seebizhrshahildali@gmail.com | Subject: Willkommen bei Influverse für Brands!
[2026-04-26T05:37:34.342Z] SUCCESS! Message ID: <6a8a25cd-12c4-debc-9d45-57c3c8ff8320@influverse.ch> | Target: seebizhrshahildali@gmail.com
[2026-04-26T06:08:43.869Z] Attempting to send to: muhammadtanveer0135@gmail.com | Subject: New offer from beauty564
[2026-04-26T06:08:47.608Z] SUCCESS! Message ID: <12c790a0-b237-f38d-680d-345e570b1578@influverse.ch> | Target: muhammadtanveer0135@gmail.com
[2026-04-26T06:09:35.496Z] Attempting to send to: seebizhrshahildali@gmail.com | Subject: Dein Angebot wurde angenommen
[2026-04-26T06:09:35.711Z] Attempting to send to: seebizhrshahildali@gmail.com | Subject: Aktion erforderlich: Schließe deine Influverse-Zahlung ab
[2026-04-26T06:09:38.309Z] SUCCESS! Message ID: <1b76c585-38d4-d8ea-4c70-ad82e6f7eaf2@influverse.ch> | Target: seebizhrshahildali@gmail.com
[2026-04-26T06:09:38.572Z] SUCCESS! Message ID: <a98a851b-5537-a144-80a8-1b47b90d8c88@influverse.ch> | Target: seebizhrshahildali@gmail.com
[2026-04-26T06:19:56.376Z] Attempting to send to: muhammadtanveer0135@gmail.com | Subject: New offer from beauty564
[2026-04-26T06:20:00.297Z] SUCCESS! Message ID: <4ef06159-5513-fa23-a9d6-6846d7cb14c5@influverse.ch> | Target: muhammadtanveer0135@gmail.com
[2026-04-26T06:20:11.713Z] Attempting to send to: seebizhrshahildali@gmail.com | Subject: Dein Angebot wurde angenommen
[2026-04-26T06:20:11.851Z] Attempting to send to: seebizhrshahildali@gmail.com | Subject: Aktion erforderlich: Schließe deine Influverse-Zahlung ab
[2026-04-26T06:20:14.546Z] SUCCESS! Message ID: <073b233b-8b4b-f3e6-f8ff-9c4e3af3de4c@influverse.ch> | Target: seebizhrshahildali@gmail.com
[2026-04-26T06:20:14.550Z] SUCCESS! Message ID: <b4589036-6e61-496d-d6db-b037360e881d@influverse.ch> | Target: seebizhrshahildali@gmail.com
[2026-04-27T16:21:11.022Z] Attempting to send to: muhammadtanveer0135@gmail.com | Subject: Verify your Influverse account
[2026-04-27T16:21:11.258Z] Attempting to send to: team@influverse.ch | Subject: [Admin] New Creator joined Influverse — m.tanveer
[2026-04-27T16:21:11.260Z] Attempting to send to: etsy5963@gmail.com | Subject: [Admin] New Creator joined Influverse — m.tanveer
[2026-04-27T16:21:14.376Z] SUCCESS! Message ID: <a08f7fc3-0594-c3c1-2448-b3dae9e032e3@influverse.ch> | Target: team@influverse.ch
[2026-04-27T16:21:14.410Z] SUCCESS! Message ID: <e0ace19c-88de-f1f1-62a8-54e1cfcc46b2@influverse.ch> | Target: muhammadtanveer0135@gmail.com
[2026-04-27T16:21:14.420Z] SUCCESS! Message ID: <bfc7abaa-f073-43f9-7b60-8ff6cbc1349a@influverse.ch> | Target: etsy5963@gmail.com
[2026-04-27T16:21:36.642Z] Attempting to send to: muhammadtanveer0135@gmail.com | Subject: Welcome to Influverse!
[2026-04-27T16:21:38.713Z] SUCCESS! Message ID: <9f7ab3e4-5459-8922-a2ab-044c2ebf2bfd@influverse.ch> | Target: muhammadtanveer0135@gmail.com
[2026-04-27T16:42:16.906Z] Attempting to send to: muhammadtanveer0135@gmail.com | Subject: Your Influverse Creator profile needs some changes
[2026-04-27T16:42:20.990Z] SUCCESS! Message ID: <049ef4b6-54ec-b4ec-486d-80445cfc0970@influverse.ch> | Target: muhammadtanveer0135@gmail.com
[2026-04-28T19:00:00.029Z] Attempting to send to: muhammadtanveer0135@gmail.com | Subject: Verify your Influverse account
[2026-04-28T19:00:00.219Z] Attempting to send to: team@influverse.ch | Subject: [Admin] New Creator joined Influverse — m.tanveer
[2026-04-28T19:00:00.221Z] Attempting to send to: etsy5963@gmail.com | Subject: [Admin] New Creator joined Influverse — m.tanveer
[2026-04-28T19:00:02.947Z] SUCCESS! Message ID: <4abb61b7-62b3-0e3c-029b-30f1d5b72f20@influverse.ch> | Target: team@influverse.ch
[2026-04-28T19:00:02.949Z] SUCCESS! Message ID: <01313f95-dc6f-048f-dcdf-4527422a4a83@influverse.ch> | Target: muhammadtanveer0135@gmail.com
[2026-04-28T19:00:03.359Z] SUCCESS! Message ID: <d5944be8-e98c-6260-318a-102ab94c002c@influverse.ch> | Target: etsy5963@gmail.com
[2026-04-28T19:00:23.472Z] Attempting to send to: muhammadtanveer0135@gmail.com | Subject: Welcome to Influverse!
[2026-04-28T19:00:25.580Z] SUCCESS! Message ID: <61c6a16e-d85f-37c2-b550-78965b012cb3@influverse.ch> | Target: muhammadtanveer0135@gmail.com
[2026-04-28T19:37:01.360Z] Attempting to send to: muhammadtanveer0135@gmail.com | Subject: Verify your Influverse account
[2026-04-28T19:37:01.556Z] Attempting to send to: team@influverse.ch | Subject: [Admin] New Creator joined Influverse — m.tanveer
[2026-04-28T19:37:01.562Z] Attempting to send to: etsy5963@gmail.com | Subject: [Admin] New Creator joined Influverse — m.tanveer
[2026-04-28T19:37:04.700Z] SUCCESS! Message ID: <fca32a3b-35ad-836e-7ebb-0a112d29533e@influverse.ch> | Target: muhammadtanveer0135@gmail.com
[2026-04-28T19:37:04.849Z] SUCCESS! Message ID: <031cbbff-c3ed-095c-9f4b-d776f6f18a01@influverse.ch> | Target: team@influverse.ch
[2026-04-28T19:37:04.912Z] SUCCESS! Message ID: <164b013f-14ce-9750-d12b-4094f8bdfcb2@influverse.ch> | Target: etsy5963@gmail.com
[2026-04-28T19:37:21.151Z] Attempting to send to: muhammadtanveer0135@gmail.com | Subject: Welcome to Influverse!
[2026-04-28T19:37:23.306Z] SUCCESS! Message ID: <05df0457-c854-762d-9c3d-461881b9245c@influverse.ch> | Target: muhammadtanveer0135@gmail.com
[2026-04-28T19:50:16.801Z] Attempting to send to: muhammadtanveer0135@gmail.com | Subject: Verify your Influverse account
[2026-04-28T19:50:16.972Z] Attempting to send to: team@influverse.ch | Subject: [Admin] New Creator joined Influverse — m.tanveer
[2026-04-28T19:50:16.975Z] Attempting to send to: etsy5963@gmail.com | Subject: [Admin] New Creator joined Influverse — m.tanveer
[2026-04-28T19:50:19.788Z] SUCCESS! Message ID: <3601870f-a34d-4d0e-46f0-b4fe3f4d8fce@influverse.ch> | Target: etsy5963@gmail.com
[2026-04-28T19:50:19.792Z] SUCCESS! Message ID: <26b09765-e521-d4a1-1fe7-23a90ced0c78@influverse.ch> | Target: muhammadtanveer0135@gmail.com
[2026-04-28T19:50:19.863Z] SUCCESS! Message ID: <6f688fab-f853-e8e7-769e-0d667cba318f@influverse.ch> | Target: team@influverse.ch
[2026-04-28T19:50:37.794Z] Attempting to send to: muhammadtanveer0135@gmail.com | Subject: Welcome to Influverse!
[2026-04-28T19:50:39.966Z] SUCCESS! Message ID: <86f3d8f5-a401-724f-fe06-2735cd7dcc83@influverse.ch> | Target: muhammadtanveer0135@gmail.com
[2026-04-29T16:33:32.188Z] Attempting to send to: muhammadtanveer0135@gmail.com | Subject: Verifiziere dein Influverse Konto
[2026-04-29T16:33:32.492Z] Attempting to send to: team@influverse.ch | Subject: [Admin] New Creator joined Influverse — m.tanveer
[2026-04-29T16:33:32.494Z] Attempting to send to: etsy5963@gmail.com | Subject: [Admin] New Creator joined Influverse — m.tanveer
[2026-04-29T16:33:36.030Z] SUCCESS! Message ID: <40dfeb1b-9a72-f424-6501-5abca30404e8@influverse.ch> | Target: team@influverse.ch
[2026-04-29T16:33:36.037Z] SUCCESS! Message ID: <bc4a2d2d-eb7d-4bca-81e0-070f912a973b@influverse.ch> | Target: muhammadtanveer0135@gmail.com
[2026-04-29T16:33:36.068Z] SUCCESS! Message ID: <05ec349b-f12e-bddd-b639-94d520bcca4c@influverse.ch> | Target: etsy5963@gmail.com
[2026-04-29T16:33:52.181Z] Attempting to send to: muhammadtanveer0135@gmail.com | Subject: Willkommen bei Influverse!
[2026-04-29T16:33:54.185Z] SUCCESS! Message ID: <95c0e39b-6027-40ae-67ca-04982662096e@influverse.ch> | Target: muhammadtanveer0135@gmail.com
[2026-04-29T16:43:23.740Z] Attempting to send to: muhammadtanveer0135@gmail.com | Subject: Verify your Influverse account
[2026-04-29T16:43:24.004Z] Attempting to send to: team@influverse.ch | Subject: [Admin] New Creator joined Influverse — m.tanveer
[2026-04-29T16:43:24.005Z] Attempting to send to: etsy5963@gmail.com | Subject: [Admin] New Creator joined Influverse — m.tanveer
[2026-04-29T16:43:27.888Z] SUCCESS! Message ID: <abb2ec92-3961-380c-6631-636e369ee951@influverse.ch> | Target: muhammadtanveer0135@gmail.com
[2026-04-29T16:43:27.893Z] SUCCESS! Message ID: <7c4c3551-00c5-f99c-ffc9-d77ebba74851@influverse.ch> | Target: etsy5963@gmail.com
[2026-04-29T16:43:27.896Z] SUCCESS! Message ID: <3faa4106-017b-0f2a-21bb-933b11275c9a@influverse.ch> | Target: team@influverse.ch
[2026-04-29T16:43:46.030Z] Attempting to send to: muhammadtanveer0135@gmail.com | Subject: Welcome to Influverse!
[2026-04-29T16:43:49.172Z] SUCCESS! Message ID: <79cb19b3-aa4c-46bf-10ef-13ca28b165a3@influverse.ch> | Target: muhammadtanveer0135@gmail.com
[2026-04-29T16:51:32.278Z] Attempting to send to: muhammadtanveer0135@gmail.com | Subject: Verifiziere dein Influverse Konto
[2026-04-29T16:51:32.678Z] Attempting to send to: team@influverse.ch | Subject: [Admin] New Creator joined Influverse — m.tanveer
[2026-04-29T16:51:32.681Z] Attempting to send to: etsy5963@gmail.com | Subject: [Admin] New Creator joined Influverse — m.tanveer
[2026-04-29T16:51:36.398Z] SUCCESS! Message ID: <0ff011f8-9600-6c1c-622e-79089dd57362@influverse.ch> | Target: etsy5963@gmail.com
[2026-04-29T16:51:36.420Z] SUCCESS! Message ID: <7097820e-bd7f-2ad6-9300-e5367a59d99b@influverse.ch> | Target: team@influverse.ch
[2026-04-29T16:51:36.519Z] SUCCESS! Message ID: <5286ac96-3c71-77e4-7668-fe27577627f1@influverse.ch> | Target: muhammadtanveer0135@gmail.com
[2026-04-29T16:52:12.204Z] Attempting to send to: muhammadtanveer0135@gmail.com | Subject: Willkommen bei Influverse!
[2026-04-29T16:52:17.826Z] SUCCESS! Message ID: <001f3464-9bd8-7f1b-4fb8-32c3c360c1db@influverse.ch> | Target: muhammadtanveer0135@gmail.com
[2026-04-29T17:05:31.149Z] Attempting to send to: muhammadtanveer0135@gmail.com | Subject: Verifiziere dein Influverse Konto
[2026-04-29T17:05:31.320Z] Attempting to send to: team@influverse.ch | Subject: [Admin] New Creator joined Influverse — m.tanveer
[2026-04-29T17:05:31.321Z] Attempting to send to: etsy5963@gmail.com | Subject: [Admin] New Creator joined Influverse — m.tanveer
[2026-04-29T17:05:35.362Z] SUCCESS! Message ID: <72462cff-7281-07bd-0378-069a4cc1187c@influverse.ch> | Target: muhammadtanveer0135@gmail.com
[2026-04-29T17:05:35.366Z] SUCCESS! Message ID: <1f4c80f6-2a60-a6a6-7b7c-ceacde55ff11@influverse.ch> | Target: etsy5963@gmail.com
[2026-04-29T17:05:35.588Z] SUCCESS! Message ID: <16760221-28f5-0784-0f5b-df0b954a696d@influverse.ch> | Target: team@influverse.ch
[2026-04-29T17:06:07.071Z] Attempting to send to: muhammadtanveer0135@gmail.com | Subject: Willkommen bei Influverse!
[2026-04-29T17:06:09.344Z] SUCCESS! Message ID: <09be6427-ff55-d3ea-bfb8-c0af89aebe99@influverse.ch> | Target: muhammadtanveer0135@gmail.com
[2026-04-29T17:15:46.452Z] Attempting to send to: muhammadtanveer0135@gmail.com | Subject: Verifiziere dein Influverse Konto
[2026-04-29T17:15:46.619Z] Attempting to send to: team@influverse.ch | Subject: [Admin] New Creator joined Influverse — m.tanveer
[2026-04-29T17:15:46.621Z] Attempting to send to: etsy5963@gmail.com | Subject: [Admin] New Creator joined Influverse — m.tanveer
[2026-04-29T17:15:49.565Z] SUCCESS! Message ID: <73c88bf4-4572-dd74-962b-0cefa9be2d48@influverse.ch> | Target: etsy5963@gmail.com
[2026-04-29T17:15:49.569Z] SUCCESS! Message ID: <8d322e29-5134-5ba8-1c9f-de68bf7ba5e0@influverse.ch> | Target: muhammadtanveer0135@gmail.com
[2026-04-29T17:15:49.869Z] SUCCESS! Message ID: <d8341b78-ffb7-f0a9-08ba-2ead16d0cb09@influverse.ch> | Target: team@influverse.ch
[2026-04-29T17:16:10.128Z] Attempting to send to: muhammadtanveer0135@gmail.com | Subject: Willkommen bei Influverse!
[2026-04-29T17:16:13.432Z] SUCCESS! Message ID: <5dea8488-bbff-4126-20ce-e2f698f72720@influverse.ch> | Target: muhammadtanveer0135@gmail.com
[2026-04-29T17:21:24.320Z] Attempting to send to: muhammadtanveer0135@gmail.com | Subject: Verifiziere dein Influverse Konto
[2026-04-29T17:21:24.581Z] Attempting to send to: team@influverse.ch | Subject: [Admin] New Creator joined Influverse — m.tanveer
[2026-04-29T17:21:24.583Z] Attempting to send to: etsy5963@gmail.com | Subject: [Admin] New Creator joined Influverse — m.tanveer
[2026-04-29T17:21:27.818Z] SUCCESS! Message ID: <4c674a94-a910-bf19-3166-eb3a26aca37d@influverse.ch> | Target: team@influverse.ch
[2026-04-29T17:21:27.820Z] SUCCESS! Message ID: <1c67221f-2a5d-d1ac-fff5-be23f509e57a@influverse.ch> | Target: etsy5963@gmail.com
[2026-04-29T17:21:28.525Z] SUCCESS! Message ID: <82fdf251-f1d5-c34a-ba70-733b33b70162@influverse.ch> | Target: muhammadtanveer0135@gmail.com
[2026-04-29T17:22:07.353Z] Attempting to send to: muhammadtanveer0135@gmail.com | Subject: Willkommen bei Influverse!
[2026-04-29T17:22:09.840Z] SUCCESS! Message ID: <5ae098b1-68a6-067e-bb39-d3160486896e@influverse.ch> | Target: muhammadtanveer0135@gmail.com
[2026-04-29T17:27:04.065Z] Attempting to send to: muhammadtanveer0135@gmail.com | Subject: Verify your Influverse account
[2026-04-29T17:27:04.237Z] Attempting to send to: team@influverse.ch | Subject: [Admin] New Creator joined Influverse — tanveer
[2026-04-29T17:27:04.239Z] Attempting to send to: etsy5963@gmail.com | Subject: [Admin] New Creator joined Influverse — tanveer
[2026-04-29T17:27:07.790Z] SUCCESS! Message ID: <dca24608-f18b-1935-d043-b7cac9a45115@influverse.ch> | Target: etsy5963@gmail.com
[2026-04-29T17:27:08.093Z] SUCCESS! Message ID: <59b01dc4-72f7-cdf9-e104-a97f8e35e8ce@influverse.ch> | Target: muhammadtanveer0135@gmail.com
[2026-04-29T17:27:08.096Z] SUCCESS! Message ID: <6d9d4754-a77b-7853-b5ce-99cb40774de1@influverse.ch> | Target: team@influverse.ch
[2026-04-29T17:27:28.883Z] Attempting to send to: muhammadtanveer0135@gmail.com | Subject: Welcome to Influverse!
[2026-04-29T17:27:32.017Z] SUCCESS! Message ID: <eb6307b9-a171-34c2-1e8b-a34211a02f63@influverse.ch> | Target: muhammadtanveer0135@gmail.com
[2026-04-30T03:28:15.618Z] Attempting to send to: muhammadtanveer0135@gmail.com | Subject: Verify your Influverse account
[2026-04-30T03:28:15.784Z] Attempting to send to: team@influverse.ch | Subject: [Admin] New Creator joined Influverse — t.anveer
[2026-04-30T03:28:15.786Z] Attempting to send to: etsy5963@gmail.com | Subject: [Admin] New Creator joined Influverse — t.anveer
[2026-04-30T03:28:18.707Z] SUCCESS! Message ID: <8642f5cf-45cf-d8e0-8e7d-af17e6c3cc0c@influverse.ch> | Target: muhammadtanveer0135@gmail.com
[2026-04-30T03:28:18.759Z] SUCCESS! Message ID: <b6ef53c1-545c-2d08-6ca1-e07a0356ec5f@influverse.ch> | Target: team@influverse.ch
[2026-04-30T03:28:19.063Z] SUCCESS! Message ID: <ada10195-5543-50b1-8f2e-dc2cb48e6ab1@influverse.ch> | Target: etsy5963@gmail.com
[2026-04-30T03:29:06.643Z] Attempting to send to: muhammadtanveer0135@gmail.com | Subject: Welcome to Influverse!
[2026-04-30T03:29:08.646Z] SUCCESS! Message ID: <b1d3454c-4d7a-cf4d-3636-07d680decd1e@influverse.ch> | Target: muhammadtanveer0135@gmail.com
[2026-04-30T03:51:07.495Z] Attempting to send to: muhammadtanveer0135@gmail.com | Subject: Verify your Influverse account
[2026-04-30T03:51:07.655Z] Attempting to send to: team@influverse.ch | Subject: [Admin] New Creator joined Influverse — t.anveer
[2026-04-30T03:51:07.657Z] Attempting to send to: etsy5963@gmail.com | Subject: [Admin] New Creator joined Influverse — t.anveer
[2026-04-30T03:51:10.780Z] SUCCESS! Message ID: <726bc5f6-f722-99de-41b3-ae1e9278bf19@influverse.ch> | Target: etsy5963@gmail.com
[2026-04-30T03:51:11.019Z] SUCCESS! Message ID: <047595da-6311-71a7-5a5a-f10f1a66fd59@influverse.ch> | Target: muhammadtanveer0135@gmail.com
[2026-04-30T03:51:11.069Z] SUCCESS! Message ID: <ab568e6a-df0b-61ce-5c20-ce6fccafdf8c@influverse.ch> | Target: team@influverse.ch
[2026-04-30T03:51:51.868Z] Attempting to send to: muhammadtanveer0135@gmail.com | Subject: Welcome to Influverse!
[2026-04-30T03:51:53.959Z] SUCCESS! Message ID: <b3afedaa-fca2-a01c-078a-eb0c2fb1a9c3@influverse.ch> | Target: muhammadtanveer0135@gmail.com
[2026-04-30T04:07:34.579Z] Attempting to send to: muhammadtanveer0135@gmail.com | Subject: Verify your Influverse account
[2026-04-30T04:07:34.762Z] Attempting to send to: team@influverse.ch | Subject: [Admin] New Creator joined Influverse — t.anveer
[2026-04-30T04:07:34.763Z] Attempting to send to: etsy5963@gmail.com | Subject: [Admin] New Creator joined Influverse — t.anveer
[2026-04-30T04:07:37.717Z] SUCCESS! Message ID: <f6766d9f-5fda-5d9b-f919-e8c28829c887@influverse.ch> | Target: etsy5963@gmail.com
[2026-04-30T04:07:37.788Z] SUCCESS! Message ID: <454cfb52-b50a-3070-df74-39a9b5acca94@influverse.ch> | Target: team@influverse.ch
[2026-04-30T04:07:37.842Z] SUCCESS! Message ID: <9fccd34b-67eb-3cc6-9fa7-8e16abf66b71@influverse.ch> | Target: muhammadtanveer0135@gmail.com
[2026-04-30T04:08:14.421Z] Attempting to send to: muhammadtanveer0135@gmail.com | Subject: Welcome to Influverse!
[2026-04-30T04:08:21.287Z] SUCCESS! Message ID: <43a448fb-bf0f-6f5a-24da-7b6df570aa2b@influverse.ch> | Target: muhammadtanveer0135@gmail.com
[2026-04-30T07:18:30.947Z] Attempting to send to: muhammadtanveer0135@gmail.com | Subject: Verify your Influverse account
[2026-04-30T07:18:31.124Z] Attempting to send to: team@influverse.ch | Subject: [Admin] New Creator joined Influverse — t.anveer
[2026-04-30T07:18:31.126Z] Attempting to send to: etsy5963@gmail.com | Subject: [Admin] New Creator joined Influverse — t.anveer
[2026-04-30T07:18:33.843Z] SUCCESS! Message ID: <5b0a9282-49ae-30c7-d27b-caf7a6059728@influverse.ch> | Target: muhammadtanveer0135@gmail.com
[2026-04-30T07:18:33.893Z] SUCCESS! Message ID: <a003b777-31e9-745c-0a1d-3d1b50cfaf3e@influverse.ch> | Target: etsy5963@gmail.com
[2026-04-30T07:18:34.096Z] SUCCESS! Message ID: <084cc6c9-a667-e8ed-0eb8-922933d89f85@influverse.ch> | Target: team@influverse.ch
[2026-04-30T07:19:04.807Z] Attempting to send to: muhammadtanveer0135@gmail.com | Subject: Welcome to Influverse!
[2026-04-30T07:19:06.908Z] SUCCESS! Message ID: <26552fa9-fc85-1064-3e78-155884aa6db4@influverse.ch> | Target: muhammadtanveer0135@gmail.com
[2026-04-30T07:21:25.937Z] Attempting to send to: muhammadtanveer0135@gmail.com | Subject: Verifiziere dein Influverse Konto
[2026-04-30T07:21:26.120Z] Attempting to send to: team@influverse.ch | Subject: [Admin] New Creator joined Influverse — tanveer
[2026-04-30T07:21:26.123Z] Attempting to send to: etsy5963@gmail.com | Subject: [Admin] New Creator joined Influverse — tanveer
[2026-04-30T07:21:28.665Z] SUCCESS! Message ID: <dbb51546-abd0-0bf1-c42e-014bbba776dc@influverse.ch> | Target: etsy5963@gmail.com
[2026-04-30T07:21:28.678Z] SUCCESS! Message ID: <127d8bb8-9746-f10e-f351-e5cb66484cb0@influverse.ch> | Target: muhammadtanveer0135@gmail.com
[2026-04-30T07:21:29.183Z] SUCCESS! Message ID: <e54c7378-e55e-85bd-01df-224f57f4ecab@influverse.ch> | Target: team@influverse.ch
[2026-04-30T07:21:45.223Z] Attempting to send to: muhammadtanveer0135@gmail.com | Subject: Willkommen bei Influverse!
[2026-04-30T07:21:47.215Z] SUCCESS! Message ID: <2fbbd0c1-d9ef-bf8c-0a70-848ac5cd3829@influverse.ch> | Target: muhammadtanveer0135@gmail.com
[2026-04-30T07:36:31.314Z] Attempting to send to: muhammadtanveer0135@gmail.com | Subject: Verify your Influverse account
[2026-04-30T07:36:31.515Z] Attempting to send to: team@influverse.ch | Subject: [Admin] New Creator joined Influverse — m.tanveer
[2026-04-30T07:36:31.522Z] Attempting to send to: etsy5963@gmail.com | Subject: [Admin] New Creator joined Influverse — m.tanveer
[2026-04-30T07:36:34.486Z] SUCCESS! Message ID: <409c67a8-512d-7a95-f7f9-5d28313f179b@influverse.ch> | Target: muhammadtanveer0135@gmail.com
[2026-04-30T07:36:34.569Z] SUCCESS! Message ID: <7fafbbb6-b6e8-5315-1c9f-fd8c3b93d0d9@influverse.ch> | Target: etsy5963@gmail.com
[2026-04-30T07:36:34.604Z] SUCCESS! Message ID: <e901904d-c4df-6469-688c-d70605dde38f@influverse.ch> | Target: team@influverse.ch
[2026-04-30T07:38:00.728Z] Attempting to send to: muhammadtanveer0135@gmail.com | Subject: Welcome to Influverse!
[2026-04-30T07:38:03.629Z] SUCCESS! Message ID: <73871c79-7ca7-6cae-80aa-e3a8d96b960f@influverse.ch> | Target: muhammadtanveer0135@gmail.com
[2026-04-30T08:23:28.560Z] Attempting to send to: muhammadtanveer0135@gmail.com | Subject: Verifiziere dein Influverse Konto
[2026-04-30T08:23:28.722Z] Attempting to send to: team@influverse.ch | Subject: [Admin] New Creator joined Influverse — m.tanveer
[2026-04-30T08:23:28.724Z] Attempting to send to: etsy5963@gmail.com | Subject: [Admin] New Creator joined Influverse — m.tanveer
[2026-04-30T08:23:31.605Z] SUCCESS! Message ID: <ee619e57-2256-56f4-a742-0c18f02e5716@influverse.ch> | Target: team@influverse.ch
[2026-04-30T08:23:31.634Z] SUCCESS! Message ID: <452a5547-ad24-6c14-20b9-1b147a1cd245@influverse.ch> | Target: etsy5963@gmail.com
[2026-04-30T08:23:32.087Z] SUCCESS! Message ID: <5eab31b4-466a-a156-fd23-d95bbab9d98e@influverse.ch> | Target: muhammadtanveer0135@gmail.com
[2026-04-30T08:23:47.683Z] Attempting to send to: muhammadtanveer0135@gmail.com | Subject: Willkommen bei Influverse!
[2026-04-30T08:23:49.764Z] SUCCESS! Message ID: <1713d4e2-98c2-6547-fbbb-f2e7d3a5b754@influverse.ch> | Target: muhammadtanveer0135@gmail.com
[2026-04-30T08:48:37.656Z] Attempting to send to: muhammadtanveer0135@gmail.com | Subject: Verifiziere dein Influverse Konto
[2026-04-30T08:48:37.822Z] Attempting to send to: team@influverse.ch | Subject: [Admin] New Creator joined Influverse — m.tanveer
[2026-04-30T08:48:37.825Z] Attempting to send to: etsy5963@gmail.com | Subject: [Admin] New Creator joined Influverse — m.tanveer
[2026-04-30T08:48:40.563Z] SUCCESS! Message ID: <fa5f33c4-e333-97aa-a07b-b8cd70163c95@influverse.ch> | Target: etsy5963@gmail.com
[2026-04-30T08:48:40.601Z] SUCCESS! Message ID: <a2aba176-3d96-069d-be21-6a4ed5225375@influverse.ch> | Target: team@influverse.ch
[2026-04-30T08:48:40.672Z] SUCCESS! Message ID: <fd279fb1-5eb9-6094-f959-6ec068b229b6@influverse.ch> | Target: muhammadtanveer0135@gmail.com
[2026-04-30T08:48:54.779Z] Attempting to send to: muhammadtanveer0135@gmail.com | Subject: Willkommen bei Influverse!
[2026-04-30T08:48:56.875Z] SUCCESS! Message ID: <da21ef49-7e10-6d54-15c0-de15e9c47a42@influverse.ch> | Target: muhammadtanveer0135@gmail.com
[2026-04-30T08:50:53.022Z] Attempting to send to: team@influverse.ch | Subject: [Action Required] Creator Profile Review Request — @m.tanveer
[2026-04-30T08:50:53.024Z] Attempting to send to: etsy5963@gmail.com | Subject: [Action Required] Creator Profile Review Request — @m.tanveer
[2026-04-30T08:50:56.312Z] SUCCESS! Message ID: <59477b44-c326-d056-217c-da5ddfa8670e@influverse.ch> | Target: team@influverse.ch
[2026-04-30T08:50:56.464Z] SUCCESS! Message ID: <8b9121fb-958c-b1cf-6690-90017762f2d2@influverse.ch> | Target: etsy5963@gmail.com
[2026-04-30T08:56:12.503Z] Attempting to send to: muhammadtanveer0135@gmail.com | Subject: Verify your Influverse account
[2026-04-30T08:56:12.664Z] Attempting to send to: team@influverse.ch | Subject: [Admin] New Creator joined Influverse — m.tanveer
[2026-04-30T08:56:12.666Z] Attempting to send to: etsy5963@gmail.com | Subject: [Admin] New Creator joined Influverse — m.tanveer
[2026-04-30T08:56:15.288Z] SUCCESS! Message ID: <c8b54131-a502-af49-3252-5f185fe69d40@influverse.ch> | Target: etsy5963@gmail.com
[2026-04-30T08:56:15.291Z] SUCCESS! Message ID: <ba9b607a-0086-a949-4db9-82fb12c7122c@influverse.ch> | Target: muhammadtanveer0135@gmail.com
[2026-04-30T08:56:15.314Z] SUCCESS! Message ID: <fad02a70-edd5-3d93-55e0-f6dd783b9a05@influverse.ch> | Target: team@influverse.ch
[2026-04-30T08:57:02.997Z] Attempting to send to: muhammadtanveer0135@gmail.com | Subject: Welcome to Influverse!
[2026-04-30T08:57:05.451Z] SUCCESS! Message ID: <66939d55-82c9-033e-0b37-20016c2c0783@influverse.ch> | Target: muhammadtanveer0135@gmail.com
[2026-04-30T08:59:27.608Z] Attempting to send to: team@influverse.ch | Subject: [Action Required] Creator Profile Review Request — @m.tanveer
[2026-04-30T08:59:27.609Z] Attempting to send to: etsy5963@gmail.com | Subject: [Action Required] Creator Profile Review Request — @m.tanveer
[2026-04-30T08:59:30.868Z] SUCCESS! Message ID: <14322669-91f0-fd58-9a86-01780b845c4b@influverse.ch> | Target: etsy5963@gmail.com
[2026-04-30T08:59:31.121Z] SUCCESS! Message ID: <4c790e1b-19d0-ac18-b7e8-ec680b135d5a@influverse.ch> | Target: team@influverse.ch
[2026-04-30T09:04:01.303Z] Attempting to send to: muhammadtanveer0135@gmail.com | Subject: 🎉 Your Influverse Creator profile has been approved!
[2026-04-30T09:04:04.022Z] SUCCESS! Message ID: <9fcf451e-095f-90a4-a494-b8b4ff4b95b9@influverse.ch> | Target: muhammadtanveer0135@gmail.com